[2021-06-04 11:46:21 INFO]: install::setup-logging ended
================
[2021-06-04 11:46:21 INFO]: install::start-up started
[2021-06-04 11:46:21 INFO]: install::start-up build image
[2021-06-04 11:46:21 INFO]: install::start-up running image
[2021-06-04 11:46:21 INFO]: install::start-up ended
================
[2021-06-04 11:50:06 INFO]: install::root-check started
[2021-06-04 11:50:06 INFO]: install::root-check ended
================
[2021-06-04 11:50:06 INFO]: install::docker-check started
[2021-06-04 11:50:06 INFO]: install::docker-check ended
================
[2021-06-04 11:50:06 INFO]: install::docker-compose-check started
[2021-06-04 11:50:06 INFO]: install::docker-compose-check ended
================
[2021-06-04 11:50:06 INFO]: install::tear-down started
[2021-06-04 11:50:06 INFO]: install::tear-down stoping services
[2021-06-04 11:50:06 INFO]: install::tear-down ended
================
